<?xml version="1.0" encoding="UTF-8"?>
<!-- Generated by org.testng.reporters.JUnitXMLReporter -->
<testsuite ignored="2" hostname="PQA-0591LT" failures="0" tests="3" name="Test" time="7.227" errors="0" timestamp="2023-08-22T12:18:00 EDT">
  <testcase classname="com.obsqura.tests.BaseTest" name="@BeforeClass InitializeDriver" time="0.001">
    <failure type="java.lang.NullPointerException" message="Cannot invoke &amp;quot;java.util.Properties.getProperty(String)&amp;quot; because &amp;quot;this.prop&amp;quot; is null">
      <![CDATA[java.lang.NullPointerException: Cannot invoke "java.util.Properties.getProperty(String)" because "this.prop" is null
at com.obsqura.tests.BaseTest.InitializeDriver(BaseTest.java:24)
at java.base/java.util.ArrayList.forEach(ArrayList.java:1511)
... Removed 25 stack frames]]>
    </failure>
  </testcase> <!-- @BeforeClass InitializeDriver -->
  <testcase classname="com.obsqura.tests.BaseTest" name="@AfterClass TearDown" time="-1.692721080167E9">
    <skipped/>
  </testcase> <!-- @AfterClass TearDown -->
  <testcase classname="com.obsqura.tests.BaseTest" name="@BeforeClass InitializeDriver" time="0.0">
    <failure type="java.lang.NullPointerException" message="Cannot invoke &amp;quot;java.util.Properties.getProperty(String)&amp;quot; because &amp;quot;this.prop&amp;quot; is null">
      <![CDATA[java.lang.NullPointerException: Cannot invoke "java.util.Properties.getProperty(String)" because "this.prop" is null
at com.obsqura.tests.BaseTest.InitializeDriver(BaseTest.java:24)
at java.base/java.util.ArrayList.forEach(ArrayList.java:1511)
... Removed 25 stack frames]]>
    </failure>
  </testcase> <!-- @BeforeClass InitializeDriver -->
  <testcase classname="com.obsqura.tests.BaseTest" name="@AfterClass TearDown" time="-1.692721080174E9">
    <skipped/>
  </testcase> <!-- @AfterClass TearDown -->
  <testcase classname="com.obsqura.tests.CreateandDeleteExpense" name="MyCreateDeleteExpense" time="3.475"/>
  <testcase classname="com.obsqura.tests.LoginTest" name="MyLoginTest" time="0.0">
    <skipped/>
  </testcase> <!-- MyLoginTest -->
  <testcase classname="com.obsqura.tests.SearchProductTest" name="MySearchProductTest" time="0.0">
    <skipped/>
  </testcase> <!-- MySearchProductTest -->
  <testcase classname="com.obsqura.tests.BaseTest" name="@BeforeSuite ReadProperties" time="0.0">
    <ignored/>
  </testcase> <!-- @BeforeSuite ReadProperties -->
  <testcase classname="com.obsqura.tests.BaseTest" name="@BeforeSuite ReadProperties" time="0.0">
    <ignored/>
  </testcase> <!-- @BeforeSuite ReadProperties -->
</testsuite> <!-- Test -->
