<?xml version="1.0" encoding="UTF-8"?>
<testsuite xmlns:xsi="http://www.w3.org/2001/XMLSchema-instance" xsi:noNamespaceSchemaLocation="https://maven.apache.org/surefire/maven-surefire-plugin/xsd/surefire-test-report.xsd" name="TestSuite" time="59.93" tests="12" errors="0" skipped="2" failures="4">
  <properties>
[...]
</properties>
  <testcase name="MyLoginTest" classname="com.obsqura.tests.LoginTest" time="2.652"/>
  <testcase name="MyCreateDeleteExpense" classname="com.obsqura.tests.CreateandDeleteExpense" time="5.757"/>
  <testcase name="CreateDeliveryBoyTest" classname="com.obsqura.tests.CreateDeliveryBoy" time="9.466">
    <failure message="no such element: Unable to locate element: {&quot;method&quot;:&quot;xpath&quot;,&quot;selector&quot;:&quot;//div[@class=&apos;alert alert-success alert-dismissible&apos;]&quot;}&#10;  (Session info: MicrosoftEdge=117.0.2045.31)&#10;For documentation on this error, please visit: https://www.selenium.dev/documentation/webdriver/troubleshooting/errors#no-such-element-exception&#10;Build info: version: &apos;4.11.0&apos;, revision: &apos;040bc5406b&apos;&#10;System info: os.name: &apos;Windows 11&apos;, os.arch: &apos;amd64&apos;, os.version: &apos;10.0&apos;, java.version: &apos;17.0.8&apos;&#10;Driver info: org.openqa.selenium.edge.EdgeDriver&#10;Command: [a5ce3b32ae63952075b351ade4d351d6, findElement {using=xpath, value=//div[@class=&apos;alert alert-success alert-dismissible&apos;]}]&#10;Capabilities {acceptInsecureCerts: false, browserName: msedge, browserVersion: 117.0.2045.31, fedcm:accounts: true, ms:edgeOptions: {debuggerAddress: localhost:62855}, msedge: {msedgedriverVersion: 117.0.2045.31 (fdd954ad1e8c..., userDataDir: C:\Users\user\AppData\Local...}, networkConnectionEnabled: false, pageLoadStrategy: normal, platformName: windows, proxy: Proxy(), se:cdp: ws://localhost:62855/devtoo..., se:cdpVersion: 117.0.2045.31, setWindowRect: true, strictFileInteractability: false, timeouts: {implicit: 0, pageLoad: 300000, script: 30000}, unhandledPromptBehavior: dismiss and notify, webauthn:extension:credBlob: true, webauthn:extension:largeBlob: true, webauthn:extension:minPinLength: true, webauthn:extension:prf: true, webauthn:virtualAuthenticators: true}&#10;Session ID: a5ce3b32ae63952075b351ade4d351d6" type="org.openqa.selenium.NoSuchElementException">org.openqa.selenium.NoSuchElementException: 
no such element: Unable to locate element: {"method":"xpath","selector":"//div[@class='alert alert-success alert-dismissible']"}
  (Session info: MicrosoftEdge=117.0.2045.31)
For documentation on this error, please visit: https://www.selenium.dev/documentation/webdriver/troubleshooting/errors#no-such-element-exception
Build info: version: '4.11.0', revision: '040bc5406b'
System info: os.name: 'Windows 11', os.arch: 'amd64', os.version: '10.0', java.version: '17.0.8'
Driver info: org.openqa.selenium.edge.EdgeDriver
Command: [a5ce3b32ae63952075b351ade4d351d6, findElement {using=xpath, value=//div[@class='alert alert-success alert-dismissible']}]
Capabilities {acceptInsecureCerts: false, browserName: msedge, browserVersion: 117.0.2045.31, fedcm:accounts: true, ms:edgeOptions: {debuggerAddress: localhost:62855}, msedge: {msedgedriverVersion: 117.0.2045.31 (fdd954ad1e8c..., userDataDir: C:\Users\user\AppData\Local...}, networkConnectionEnabled: false, pageLoadStrategy: normal, platformName: windows, proxy: Proxy(), se:cdp: ws://localhost:62855/devtoo..., se:cdpVersion: 117.0.2045.31, setWindowRect: true, strictFileInteractability: false, timeouts: {implicit: 0, pageLoad: 300000, script: 30000}, unhandledPromptBehavior: dismiss and notify, webauthn:extension:credBlob: true, webauthn:extension:largeBlob: true, webauthn:extension:minPinLength: true, webauthn:extension:prf: true, webauthn:virtualAuthenticators: true}
Session ID: a5ce3b32ae63952075b351ade4d351d6
	at com.obsqura.tests.CreateDeliveryBoy.CreateDeliveryBoyTest(CreateDeliveryBoy.java:18)
</failure>
    <system-err><![CDATA[Sep 19, 2023 10:52:16 PM org.openqa.selenium.devtools.CdpVersionFinder findNearestMatch
WARNING: Unable to find an exact match for CDP version 116, so returning the closest version found: 115
]]></system-err>
  </testcase>
  <testcase name="InitializeDriver" classname="com.obsqura.tests.SearchProductTest" time="10.984">
    <failure message="Could not start a new session. Possible causes are invalid address of the remote server or browser start-up failure. &#10;Host info: host: &apos;DESKTOP-86HG8TK&apos;, ip: &apos;192.168.1.36&apos;" type="org.openqa.selenium.SessionNotCreatedException">org.openqa.selenium.SessionNotCreatedException: 
Could not start a new session. Possible causes are invalid address of the remote server or browser start-up failure. 
Host info: host: 'DESKTOP-86HG8TK', ip: '192.168.1.36'
Caused by: org.openqa.selenium.WebDriverException: 
Timed out waiting for driver process to start.
Build info: version: '4.11.0', revision: '040bc5406b'
System info: os.name: 'Windows 11', os.arch: 'amd64', os.version: '10.0', java.version: '17.0.8'
Driver info: driver.version: EdgeDriver
</failure>
  </testcase>
  <testcase name="MySearchProductTest" classname="com.obsqura.tests.SearchProductTest" time="0">
    <skipped message="Could not start a new session. Possible causes are invalid address of the remote server or browser start-up failure. &#10;Host info: host: &apos;DESKTOP-86HG8TK&apos;, ip: &apos;192.168.1.36&apos;"/>
  </testcase>
  <testcase name="TearDown" classname="com.obsqura.tests.SearchProductTest" time="0">
    <skipped/>
  </testcase>
  <testcase name="ManangePaymentMethod" classname="com.obsqura.tests.ManagePaymentMethod" time="2.142"/>
  <testcase name="MyManageLocationTest" classname="com.obsqura.tests.ManageLocation" time="3"/>
  <testcase name="PushNotificationsTest" classname="com.obsqura.tests.PushNotifications" time="4.1"/>
  <testcase name="AdminUserTest" classname="com.obsqura.tests.AdminUser" time="5.766">
    <failure message="element click intercepted: Element is not clickable at point (322, -43)&#10;  (Session info: MicrosoftEdge=117.0.2045.31)&#10;Build info: version: &apos;4.11.0&apos;, revision: &apos;040bc5406b&apos;&#10;System info: os.name: &apos;Windows 11&apos;, os.arch: &apos;amd64&apos;, os.version: &apos;10.0&apos;, java.version: &apos;17.0.8&apos;&#10;Driver info: org.openqa.selenium.edge.EdgeDriver&#10;Command: [c0736dc7d713a5bf03b3c1c01a95aaf5, clickElement {id=B4108452CAD1DC23CA997B4F5CBBA926_element_35}]&#10;Capabilities {acceptInsecureCerts: false, browserName: msedge, browserVersion: 117.0.2045.31, fedcm:accounts: true, ms:edgeOptions: {debuggerAddress: localhost:63044}, msedge: {msedgedriverVersion: 117.0.2045.31 (fdd954ad1e8c..., userDataDir: C:\Users\user\AppData\Local...}, networkConnectionEnabled: false, pageLoadStrategy: normal, platformName: windows, proxy: Proxy(), se:cdp: ws://localhost:63044/devtoo..., se:cdpVersion: 117.0.2045.31, setWindowRect: true, strictFileInteractability: false, timeouts: {implicit: 0, pageLoad: 300000, script: 30000}, unhandledPromptBehavior: dismiss and notify, webauthn:extension:credBlob: true, webauthn:extension:largeBlob: true, webauthn:extension:minPinLength: true, webauthn:extension:prf: true, webauthn:virtualAuthenticators: true}&#10;Element: [[EdgeDriver: msedge on windows (c0736dc7d713a5bf03b3c1c01a95aaf5)] -&gt; xpath: (//button[@class=&apos;btn btn-block-sm btn-danger&apos;])[2]]&#10;Session ID: c0736dc7d713a5bf03b3c1c01a95aaf5" type="org.openqa.selenium.ElementClickInterceptedException">org.openqa.selenium.ElementClickInterceptedException: 
element click intercepted: Element is not clickable at point (322, -43)
  (Session info: MicrosoftEdge=117.0.2045.31)
Build info: version: '4.11.0', revision: '040bc5406b'
System info: os.name: 'Windows 11', os.arch: 'amd64', os.version: '10.0', java.version: '17.0.8'
Driver info: org.openqa.selenium.edge.EdgeDriver
Command: [c0736dc7d713a5bf03b3c1c01a95aaf5, clickElement {id=B4108452CAD1DC23CA997B4F5CBBA926_element_35}]
Capabilities {acceptInsecureCerts: false, browserName: msedge, browserVersion: 117.0.2045.31, fedcm:accounts: true, ms:edgeOptions: {debuggerAddress: localhost:63044}, msedge: {msedgedriverVersion: 117.0.2045.31 (fdd954ad1e8c..., userDataDir: C:\Users\user\AppData\Local...}, networkConnectionEnabled: false, pageLoadStrategy: normal, platformName: windows, proxy: Proxy(), se:cdp: ws://localhost:63044/devtoo..., se:cdpVersion: 117.0.2045.31, setWindowRect: true, strictFileInteractability: false, timeouts: {implicit: 0, pageLoad: 300000, script: 30000}, unhandledPromptBehavior: dismiss and notify, webauthn:extension:credBlob: true, webauthn:extension:largeBlob: true, webauthn:extension:minPinLength: true, webauthn:extension:prf: true, webauthn:virtualAuthenticators: true}
Element: [[EdgeDriver: msedge on windows (c0736dc7d713a5bf03b3c1c01a95aaf5)] -> xpath: (//button[@class='btn btn-block-sm btn-danger'])[2]]
Session ID: c0736dc7d713a5bf03b3c1c01a95aaf5
	at com.obsqura.tests.AdminUser.AdminUserTest(AdminUser.java:16)
</failure>
    <system-err><![CDATA[Sep 19, 2023 10:52:30 PM org.openqa.selenium.devtools.CdpVersionFinder findNearestMatch
WARNING: Unable to find an exact match for CDP version 117, so returning the closest version found: 115
Sep 19, 2023 10:52:32 PM org.openqa.selenium.devtools.CdpVersionFinder findNearestMatch
WARNING: Unable to find an exact match for CDP version 117, so returning the closest version found: 115
Sep 19, 2023 10:52:35 PM org.openqa.selenium.devtools.CdpVersionFinder findNearestMatch
WARNING: Unable to find an exact match for CDP version 117, so returning the closest version found: 115
]]></system-err>
  </testcase>
  <testcase name="ManangeFooter" classname="com.obsqura.tests.ManageFooterText" time="9.352"/>
  <testcase name="CreateContactTest" classname="com.obsqura.tests.CreateContact" time="13.184">
    <failure message="no such element: Unable to locate element: {&quot;method&quot;:&quot;xpath&quot;,&quot;selector&quot;:&quot;//div[@class=&apos;alert alert-success alert-dismissible&apos;]&quot;}&#10;  (Session info: MicrosoftEdge=117.0.2045.31)&#10;For documentation on this error, please visit: https://www.selenium.dev/documentation/webdriver/troubleshooting/errors#no-such-element-exception&#10;Build info: version: &apos;4.11.0&apos;, revision: &apos;040bc5406b&apos;&#10;System info: os.name: &apos;Windows 11&apos;, os.arch: &apos;amd64&apos;, os.version: &apos;10.0&apos;, java.version: &apos;17.0.8&apos;&#10;Driver info: org.openqa.selenium.edge.EdgeDriver&#10;Command: [d19e9e3eb9ac83ccd58d8719d0ec7aab, findElement {using=xpath, value=//div[@class=&apos;alert alert-success alert-dismissible&apos;]}]&#10;Capabilities {acceptInsecureCerts: false, browserName: msedge, browserVersion: 117.0.2045.31, fedcm:accounts: true, ms:edgeOptions: {debuggerAddress: localhost:63149}, msedge: {msedgedriverVersion: 117.0.2045.31 (fdd954ad1e8c..., userDataDir: C:\Users\user\AppData\Local...}, networkConnectionEnabled: false, pageLoadStrategy: normal, platformName: windows, proxy: Proxy(), se:cdp: ws://localhost:63149/devtoo..., se:cdpVersion: 117.0.2045.31, setWindowRect: true, strictFileInteractability: false, timeouts: {implicit: 0, pageLoad: 300000, script: 30000}, unhandledPromptBehavior: dismiss and notify, webauthn:extension:credBlob: true, webauthn:extension:largeBlob: true, webauthn:extension:minPinLength: true, webauthn:extension:prf: true, webauthn:virtualAuthenticators: true}&#10;Session ID: d19e9e3eb9ac83ccd58d8719d0ec7aab" type="org.openqa.selenium.NoSuchElementException">org.openqa.selenium.NoSuchElementException: 
no such element: Unable to locate element: {"method":"xpath","selector":"//div[@class='alert alert-success alert-dismissible']"}
  (Session info: MicrosoftEdge=117.0.2045.31)
For documentation on this error, please visit: https://www.selenium.dev/documentation/webdriver/troubleshooting/errors#no-such-element-exception
Build info: version: '4.11.0', revision: '040bc5406b'
System info: os.name: 'Windows 11', os.arch: 'amd64', os.version: '10.0', java.version: '17.0.8'
Driver info: org.openqa.selenium.edge.EdgeDriver
Command: [d19e9e3eb9ac83ccd58d8719d0ec7aab, findElement {using=xpath, value=//div[@class='alert alert-success alert-dismissible']}]
Capabilities {acceptInsecureCerts: false, browserName: msedge, browserVersion: 117.0.2045.31, fedcm:accounts: true, ms:edgeOptions: {debuggerAddress: localhost:63149}, msedge: {msedgedriverVersion: 117.0.2045.31 (fdd954ad1e8c..., userDataDir: C:\Users\user\AppData\Local...}, networkConnectionEnabled: false, pageLoadStrategy: normal, platformName: windows, proxy: Proxy(), se:cdp: ws://localhost:63149/devtoo..., se:cdpVersion: 117.0.2045.31, setWindowRect: true, strictFileInteractability: false, timeouts: {implicit: 0, pageLoad: 300000, script: 30000}, unhandledPromptBehavior: dismiss and notify, webauthn:extension:credBlob: true, webauthn:extension:largeBlob: true, webauthn:extension:minPinLength: true, webauthn:extension:prf: true, webauthn:virtualAuthenticators: true}
Session ID: d19e9e3eb9ac83ccd58d8719d0ec7aab
	at com.obsqura.tests.CreateContact.CreateContactTest(CreateContact.java:25)
</failure>
  </testcase>
</testsuite>